0 info it worked if it ends with ok
1 verbose cli [ '/usr/bin/nodejs', '/usr/bin/npm', 'install' ]
2 info using npm@1.3.10
3 info using node@v0.10.25
4 warn package.json gerador-de-jogos@1.0.0 No repository field.
5 verbose readDependencies using package.json deps
6 verbose install where, deps [ '/var/www/html/geraja',
6 verbose install   [ 'grunt',
6 verbose install     'grunt-browser-sync',
6 verbose install     'grunt-contrib-clean',
6 verbose install     'grunt-contrib-concat',
6 verbose install     'grunt-contrib-copy',
6 verbose install     'grunt-contrib-imagemin',
6 verbose install     'grunt-contrib-sass',
6 verbose install     'grunt-contrib-uglify',
6 verbose install     'grunt-contrib-watch',
6 verbose install     'imagemin-mozjpeg',
6 verbose install     'load-grunt-tasks' ] ]
7 info preinstall gerador-de-jogos@1.0.0
8 verbose readDependencies using package.json deps
9 verbose cache add [ 'grunt-contrib-clean@^1.0.0', null ]
10 verbose cache add name=undefined spec="grunt-contrib-clean@^1.0.0" args=["grunt-contrib-clean@^1.0.0",null]
11 verbose parsed url { protocol: null,
11 verbose parsed url   slashes: null,
11 verbose parsed url   auth: null,
11 verbose parsed url   host: null,
11 verbose parsed url   port: null,
11 verbose parsed url   hostname: null,
11 verbose parsed url   hash: null,
11 verbose parsed url   search: null,
11 verbose parsed url   query: null,
11 verbose parsed url   pathname: 'grunt-contrib-clean@^1.0.0',
11 verbose parsed url   path: 'grunt-contrib-clean@^1.0.0',
11 verbose parsed url   href: 'grunt-contrib-clean@^1.0.0' }
12 verbose cache add name="grunt-contrib-clean" spec="^1.0.0" args=["grunt-contrib-clean","^1.0.0"]
13 verbose parsed url { protocol: null,
13 verbose parsed url   slashes: null,
13 verbose parsed url   auth: null,
13 verbose parsed url   host: null,
13 verbose parsed url   port: null,
13 verbose parsed url   hostname: null,
13 verbose parsed url   hash: null,
13 verbose parsed url   search: null,
13 verbose parsed url   query: null,
13 verbose parsed url   pathname: '^1.0.0',
13 verbose parsed url   path: '^1.0.0',
13 verbose parsed url   href: '^1.0.0' }
14 verbose addNamed [ 'grunt-contrib-clean', '^1.0.0' ]
15 verbose addNamed [ null, '>=1.0.0-0 <2.0.0-0' ]
16 verbose cache add [ 'grunt-contrib-copy@^0.8.2', null ]
17 verbose cache add name=undefined spec="grunt-contrib-copy@^0.8.2" args=["grunt-contrib-copy@^0.8.2",null]
18 verbose parsed url { protocol: null,
18 verbose parsed url   slashes: null,
18 verbose parsed url   auth: null,
18 verbose parsed url   host: null,
18 verbose parsed url   port: null,
18 verbose parsed url   hostname: null,
18 verbose parsed url   hash: null,
18 verbose parsed url   search: null,
18 verbose parsed url   query: null,
18 verbose parsed url   pathname: 'grunt-contrib-copy@^0.8.2',
18 verbose parsed url   path: 'grunt-contrib-copy@^0.8.2',
18 verbose parsed url   href: 'grunt-contrib-copy@^0.8.2' }
19 verbose cache add name="grunt-contrib-copy" spec="^0.8.2" args=["grunt-contrib-copy","^0.8.2"]
20 verbose parsed url { protocol: null,
20 verbose parsed url   slashes: null,
20 verbose parsed url   auth: null,
20 verbose parsed url   host: null,
20 verbose parsed url   port: null,
20 verbose parsed url   hostname: null,
20 verbose parsed url   hash: null,
20 verbose parsed url   search: null,
20 verbose parsed url   query: null,
20 verbose parsed url   pathname: '^0.8.2',
20 verbose parsed url   path: '^0.8.2',
20 verbose parsed url   href: '^0.8.2' }
21 verbose addNamed [ 'grunt-contrib-copy', '^0.8.2' ]
22 verbose addNamed [ null, '>=0.8.2-0 <0.9.0-0' ]
23 silly lockFile 68b93783-grunt-contrib-copy-0-8-2 grunt-contrib-copy@^0.8.2
24 verbose lock grunt-contrib-copy@^0.8.2 /home/aluno/.npm/68b93783-grunt-contrib-copy-0-8-2.lock
25 verbose cache add [ 'grunt-contrib-concat@^0.5.1', null ]
26 verbose cache add name=undefined spec="grunt-contrib-concat@^0.5.1" args=["grunt-contrib-concat@^0.5.1",null]
27 verbose parsed url { protocol: null,
27 verbose parsed url   slashes: null,
27 verbose parsed url   auth: null,
27 verbose parsed url   host: null,
27 verbose parsed url   port: null,
27 verbose parsed url   hostname: null,
27 verbose parsed url   hash: null,
27 verbose parsed url   search: null,
27 verbose parsed url   query: null,
27 verbose parsed url   pathname: 'grunt-contrib-concat@^0.5.1',
27 verbose parsed url   path: 'grunt-contrib-concat@^0.5.1',
27 verbose parsed url   href: 'grunt-contrib-concat@^0.5.1' }
28 verbose cache add name="grunt-contrib-concat" spec="^0.5.1" args=["grunt-contrib-concat","^0.5.1"]
29 verbose parsed url { protocol: null,
29 verbose parsed url   slashes: null,
29 verbose parsed url   auth: null,
29 verbose parsed url   host: null,
29 verbose parsed url   port: null,
29 verbose parsed url   hostname: null,
29 verbose parsed url   hash: null,
29 verbose parsed url   search: null,
29 verbose parsed url   query: null,
29 verbose parsed url   pathname: '^0.5.1',
29 verbose parsed url   path: '^0.5.1',
29 verbose parsed url   href: '^0.5.1' }
30 verbose addNamed [ 'grunt-contrib-concat', '^0.5.1' ]
31 verbose addNamed [ null, '>=0.5.1-0 <0.6.0-0' ]
32 silly lockFile f332e6fb-grunt-contrib-concat-0-5-1 grunt-contrib-concat@^0.5.1
33 verbose lock grunt-contrib-concat@^0.5.1 /home/aluno/.npm/f332e6fb-grunt-contrib-concat-0-5-1.lock
34 verbose cache add [ 'grunt-contrib-imagemin@^1.0.0', null ]
35 verbose cache add name=undefined spec="grunt-contrib-imagemin@^1.0.0" args=["grunt-contrib-imagemin@^1.0.0",null]
36 verbose parsed url { protocol: null,
36 verbose parsed url   slashes: null,
36 verbose parsed url   auth: null,
36 verbose parsed url   host: null,
36 verbose parsed url   port: null,
36 verbose parsed url   hostname: null,
36 verbose parsed url   hash: null,
36 verbose parsed url   search: null,
36 verbose parsed url   query: null,
36 verbose parsed url   pathname: 'grunt-contrib-imagemin@^1.0.0',
36 verbose parsed url   path: 'grunt-contrib-imagemin@^1.0.0',
36 verbose parsed url   href: 'grunt-contrib-imagemin@^1.0.0' }
37 verbose cache add name="grunt-contrib-imagemin" spec="^1.0.0" args=["grunt-contrib-imagemin","^1.0.0"]
38 verbose parsed url { protocol: null,
38 verbose parsed url   slashes: null,
38 verbose parsed url   auth: null,
38 verbose parsed url   host: null,
38 verbose parsed url   port: null,
38 verbose parsed url   hostname: null,
38 verbose parsed url   hash: null,
38 verbose parsed url   search: null,
38 verbose parsed url   query: null,
38 verbose parsed url   pathname: '^1.0.0',
38 verbose parsed url   path: '^1.0.0',
38 verbose parsed url   href: '^1.0.0' }
39 verbose addNamed [ 'grunt-contrib-imagemin', '^1.0.0' ]
40 verbose addNamed [ null, '>=1.0.0-0 <2.0.0-0' ]
41 silly lockFile de105161-grunt-contrib-imagemin-1-0-0 grunt-contrib-imagemin@^1.0.0
42 verbose lock grunt-contrib-imagemin@^1.0.0 /home/aluno/.npm/de105161-grunt-contrib-imagemin-1-0-0.lock
43 verbose cache add [ 'grunt-contrib-sass@^1.0.0', null ]
44 verbose cache add name=undefined spec="grunt-contrib-sass@^1.0.0" args=["grunt-contrib-sass@^1.0.0",null]
45 verbose parsed url { protocol: null,
45 verbose parsed url   slashes: null,
45 verbose parsed url   auth: null,
45 verbose parsed url   host: null,
45 verbose parsed url   port: null,
45 verbose parsed url   hostname: null,
45 verbose parsed url   hash: null,
45 verbose parsed url   search: null,
45 verbose parsed url   query: null,
45 verbose parsed url   pathname: 'grunt-contrib-sass@^1.0.0',
45 verbose parsed url   path: 'grunt-contrib-sass@^1.0.0',
45 verbose parsed url   href: 'grunt-contrib-sass@^1.0.0' }
46 verbose cache add name="grunt-contrib-sass" spec="^1.0.0" args=["grunt-contrib-sass","^1.0.0"]
47 verbose parsed url { protocol: null,
47 verbose parsed url   slashes: null,
47 verbose parsed url   auth: null,
47 verbose parsed url   host: null,
47 verbose parsed url   port: null,
47 verbose parsed url   hostname: null,
47 verbose parsed url   hash: null,
47 verbose parsed url   search: null,
47 verbose parsed url   query: null,
47 verbose parsed url   pathname: '^1.0.0',
47 verbose parsed url   path: '^1.0.0',
47 verbose parsed url   href: '^1.0.0' }
48 verbose addNamed [ 'grunt-contrib-sass', '^1.0.0' ]
49 verbose addNamed [ null, '>=1.0.0-0 <2.0.0-0' ]
50 silly lockFile ebbc840d-grunt-contrib-sass-1-0-0 grunt-contrib-sass@^1.0.0
51 verbose lock grunt-contrib-sass@^1.0.0 /home/aluno/.npm/ebbc840d-grunt-contrib-sass-1-0-0.lock
52 verbose cache add [ 'grunt-contrib-uglify@^0.11.0', null ]
53 verbose cache add name=undefined spec="grunt-contrib-uglify@^0.11.0" args=["grunt-contrib-uglify@^0.11.0",null]
54 verbose parsed url { protocol: null,
54 verbose parsed url   slashes: null,
54 verbose parsed url   auth: null,
54 verbose parsed url   host: null,
54 verbose parsed url   port: null,
54 verbose parsed url   hostname: null,
54 verbose parsed url   hash: null,
54 verbose parsed url   search: null,
54 verbose parsed url   query: null,
54 verbose parsed url   pathname: 'grunt-contrib-uglify@^0.11.0',
54 verbose parsed url   path: 'grunt-contrib-uglify@^0.11.0',
54 verbose parsed url   href: 'grunt-contrib-uglify@^0.11.0' }
55 verbose cache add name="grunt-contrib-uglify" spec="^0.11.0" args=["grunt-contrib-uglify","^0.11.0"]
56 verbose parsed url { protocol: null,
56 verbose parsed url   slashes: null,
56 verbose parsed url   auth: null,
56 verbose parsed url   host: null,
56 verbose parsed url   port: null,
56 verbose parsed url   hostname: null,
56 verbose parsed url   hash: null,
56 verbose parsed url   search: null,
56 verbose parsed url   query: null,
56 verbose parsed url   pathname: '^0.11.0',
56 verbose parsed url   path: '^0.11.0',
56 verbose parsed url   href: '^0.11.0' }
57 verbose addNamed [ 'grunt-contrib-uglify', '^0.11.0' ]
58 verbose addNamed [ null, '>=0.11.0-0 <0.12.0-0' ]
59 silly lockFile e24f11fb-grunt-contrib-uglify-0-11-0 grunt-contrib-uglify@^0.11.0
60 verbose lock grunt-contrib-uglify@^0.11.0 /home/aluno/.npm/e24f11fb-grunt-contrib-uglify-0-11-0.lock
61 verbose cache add [ 'grunt-contrib-watch@^0.6.1', null ]
62 verbose cache add name=undefined spec="grunt-contrib-watch@^0.6.1" args=["grunt-contrib-watch@^0.6.1",null]
63 verbose parsed url { protocol: null,
63 verbose parsed url   slashes: null,
63 verbose parsed url   auth: null,
63 verbose parsed url   host: null,
63 verbose parsed url   port: null,
63 verbose parsed url   hostname: null,
63 verbose parsed url   hash: null,
63 verbose parsed url   search: null,
63 verbose parsed url   query: null,
63 verbose parsed url   pathname: 'grunt-contrib-watch@^0.6.1',
63 verbose parsed url   path: 'grunt-contrib-watch@^0.6.1',
63 verbose parsed url   href: 'grunt-contrib-watch@^0.6.1' }
64 verbose cache add name="grunt-contrib-watch" spec="^0.6.1" args=["grunt-contrib-watch","^0.6.1"]
65 verbose parsed url { protocol: null,
65 verbose parsed url   slashes: null,
65 verbose parsed url   auth: null,
65 verbose parsed url   host: null,
65 verbose parsed url   port: null,
65 verbose parsed url   hostname: null,
65 verbose parsed url   hash: null,
65 verbose parsed url   search: null,
65 verbose parsed url   query: null,
65 verbose parsed url   pathname: '^0.6.1',
65 verbose parsed url   path: '^0.6.1',
65 verbose parsed url   href: '^0.6.1' }
66 verbose addNamed [ 'grunt-contrib-watch', '^0.6.1' ]
67 verbose addNamed [ null, '>=0.6.1-0 <0.7.0-0' ]
68 silly lockFile 224b1ece-grunt-contrib-watch-0-6-1 grunt-contrib-watch@^0.6.1
69 verbose lock grunt-contrib-watch@^0.6.1 /home/aluno/.npm/224b1ece-grunt-contrib-watch-0-6-1.lock
70 silly addNameRange { name: 'grunt-contrib-copy',
70 silly addNameRange   range: '>=0.8.2-0 <0.9.0-0',
70 silly addNameRange   hasData: false }
71 silly addNameRange { name: 'grunt-contrib-concat',
71 silly addNameRange   range: '>=0.5.1-0 <0.6.0-0',
71 silly addNameRange   hasData: false }
72 verbose cache add [ 'imagemin-mozjpeg@^5.1.0', null ]
73 verbose cache add name=undefined spec="imagemin-mozjpeg@^5.1.0" args=["imagemin-mozjpeg@^5.1.0",null]
74 verbose parsed url { protocol: null,
74 verbose parsed url   slashes: null,
74 verbose parsed url   auth: null,
74 verbose parsed url   host: null,
74 verbose parsed url   port: null,
74 verbose parsed url   hostname: null,
74 verbose parsed url   hash: null,
74 verbose parsed url   search: null,
74 verbose parsed url   query: null,
74 verbose parsed url   pathname: 'imagemin-mozjpeg@^5.1.0',
74 verbose parsed url   path: 'imagemin-mozjpeg@^5.1.0',
74 verbose parsed url   href: 'imagemin-mozjpeg@^5.1.0' }
75 verbose cache add name="imagemin-mozjpeg" spec="^5.1.0" args=["imagemin-mozjpeg","^5.1.0"]
76 verbose parsed url { protocol: null,
76 verbose parsed url   slashes: null,
76 verbose parsed url   auth: null,
76 verbose parsed url   host: null,
76 verbose parsed url   port: null,
76 verbose parsed url   hostname: null,
76 verbose parsed url   hash: null,
76 verbose parsed url   search: null,
76 verbose parsed url   query: null,
76 verbose parsed url   pathname: '^5.1.0',
76 verbose parsed url   path: '^5.1.0',
76 verbose parsed url   href: '^5.1.0' }
77 verbose addNamed [ 'imagemin-mozjpeg', '^5.1.0' ]
78 verbose addNamed [ null, '>=5.1.0-0 <6.0.0-0' ]
79 silly lockFile ab6e2ae0-imagemin-mozjpeg-5-1-0 imagemin-mozjpeg@^5.1.0
80 verbose lock imagemin-mozjpeg@^5.1.0 /home/aluno/.npm/ab6e2ae0-imagemin-mozjpeg-5-1-0.lock
81 verbose cache add [ 'load-grunt-tasks@^3.5.0', null ]
82 verbose cache add name=undefined spec="load-grunt-tasks@^3.5.0" args=["load-grunt-tasks@^3.5.0",null]
83 verbose parsed url { protocol: null,
83 verbose parsed url   slashes: null,
83 verbose parsed url   auth: null,
83 verbose parsed url   host: null,
83 verbose parsed url   port: null,
83 verbose parsed url   hostname: null,
83 verbose parsed url   hash: null,
83 verbose parsed url   search: null,
83 verbose parsed url   query: null,
83 verbose parsed url   pathname: 'load-grunt-tasks@^3.5.0',
83 verbose parsed url   path: 'load-grunt-tasks@^3.5.0',
83 verbose parsed url   href: 'load-grunt-tasks@^3.5.0' }
84 verbose cache add name="load-grunt-tasks" spec="^3.5.0" args=["load-grunt-tasks","^3.5.0"]
85 verbose parsed url { protocol: null,
85 verbose parsed url   slashes: null,
85 verbose parsed url   auth: null,
85 verbose parsed url   host: null,
85 verbose parsed url   port: null,
85 verbose parsed url   hostname: null,
85 verbose parsed url   hash: null,
85 verbose parsed url   search: null,
85 verbose parsed url   query: null,
85 verbose parsed url   pathname: '^3.5.0',
85 verbose parsed url   path: '^3.5.0',
85 verbose parsed url   href: '^3.5.0' }
86 verbose addNamed [ 'load-grunt-tasks', '^3.5.0' ]
87 verbose addNamed [ null, '>=3.5.0-0 <4.0.0-0' ]
88 silly lockFile da69f703-load-grunt-tasks-3-5-0 load-grunt-tasks@^3.5.0
89 verbose lock load-grunt-tasks@^3.5.0 /home/aluno/.npm/da69f703-load-grunt-tasks-3-5-0.lock
90 verbose cache add [ 'grunt@^0.4.5', null ]
91 verbose cache add name=undefined spec="grunt@^0.4.5" args=["grunt@^0.4.5",null]
92 verbose parsed url { protocol: null,
92 verbose parsed url   slashes: null,
92 verbose parsed url   auth: null,
92 verbose parsed url   host: null,
92 verbose parsed url   port: null,
92 verbose parsed url   hostname: null,
92 verbose parsed url   hash: null,
92 verbose parsed url   search: null,
92 verbose parsed url   query: null,
92 verbose parsed url   pathname: 'grunt@^0.4.5',
92 verbose parsed url   path: 'grunt@^0.4.5',
92 verbose parsed url   href: 'grunt@^0.4.5' }
93 verbose cache add name="grunt" spec="^0.4.5" args=["grunt","^0.4.5"]
94 verbose parsed url { protocol: null,
94 verbose parsed url   slashes: null,
94 verbose parsed url   auth: null,
94 verbose parsed url   host: null,
94 verbose parsed url   port: null,
94 verbose parsed url   hostname: null,
94 verbose parsed url   hash: null,
94 verbose parsed url   search: null,
94 verbose parsed url   query: null,
94 verbose parsed url   pathname: '^0.4.5',
94 verbose parsed url   path: '^0.4.5',
94 verbose parsed url   href: '^0.4.5' }
95 verbose addNamed [ 'grunt', '^0.4.5' ]
96 verbose addNamed [ null, '>=0.4.5-0 <0.5.0-0' ]
97 silly lockFile 73541f84-grunt-0-4-5 grunt@^0.4.5
98 verbose lock grunt@^0.4.5 /home/aluno/.npm/73541f84-grunt-0-4-5.lock
99 verbose cache add [ 'grunt-browser-sync@^2.2.0', null ]
100 verbose cache add name=undefined spec="grunt-browser-sync@^2.2.0" args=["grunt-browser-sync@^2.2.0",null]
101 verbose parsed url { protocol: null,
101 verbose parsed url   slashes: null,
101 verbose parsed url   auth: null,
101 verbose parsed url   host: null,
101 verbose parsed url   port: null,
101 verbose parsed url   hostname: null,
101 verbose parsed url   hash: null,
101 verbose parsed url   search: null,
101 verbose parsed url   query: null,
101 verbose parsed url   pathname: 'grunt-browser-sync@^2.2.0',
101 verbose parsed url   path: 'grunt-browser-sync@^2.2.0',
101 verbose parsed url   href: 'grunt-browser-sync@^2.2.0' }
102 verbose cache add name="grunt-browser-sync" spec="^2.2.0" args=["grunt-browser-sync","^2.2.0"]
103 verbose parsed url { protocol: null,
103 verbose parsed url   slashes: null,
103 verbose parsed url   auth: null,
103 verbose parsed url   host: null,
103 verbose parsed url   port: null,
103 verbose parsed url   hostname: null,
103 verbose parsed url   hash: null,
103 verbose parsed url   search: null,
103 verbose parsed url   query: null,
103 verbose parsed url   pathname: '^2.2.0',
103 verbose parsed url   path: '^2.2.0',
103 verbose parsed url   href: '^2.2.0' }
104 verbose addNamed [ 'grunt-browser-sync', '^2.2.0' ]
105 verbose addNamed [ null, '>=2.2.0-0 <3.0.0-0' ]
106 silly lockFile 8b51252f-grunt-browser-sync-2-2-0 grunt-browser-sync@^2.2.0
107 verbose lock grunt-browser-sync@^2.2.0 /home/aluno/.npm/8b51252f-grunt-browser-sync-2-2-0.lock
108 verbose url raw grunt-contrib-copy
109 verbose url resolving [ 'https://registry.npmjs.org/', './grunt-contrib-copy' ]
110 verbose url resolved https://registry.npmjs.org/grunt-contrib-copy
111 info trying registry request attempt 1 at 20:15:27
112 http GET https://registry.npmjs.org/grunt-contrib-copy
113 verbose url raw grunt-contrib-concat
114 verbose url resolving [ 'https://registry.npmjs.org/', './grunt-contrib-concat' ]
115 verbose url resolved https://registry.npmjs.org/grunt-contrib-concat
116 info trying registry request attempt 1 at 20:15:27
117 http GET https://registry.npmjs.org/grunt-contrib-concat
118 silly addNameRange { name: 'grunt-contrib-imagemin',
118 silly addNameRange   range: '>=1.0.0-0 <2.0.0-0',
118 silly addNameRange   hasData: false }
119 silly addNameRange { name: 'grunt-contrib-sass',
119 silly addNameRange   range: '>=1.0.0-0 <2.0.0-0',
119 silly addNameRange   hasData: false }
120 silly addNameRange { name: 'grunt-contrib-uglify',
120 silly addNameRange   range: '>=0.11.0-0 <0.12.0-0',
120 silly addNameRange   hasData: false }
121 silly addNameRange { name: 'grunt-contrib-watch',
121 silly addNameRange   range: '>=0.6.1-0 <0.7.0-0',
121 silly addNameRange   hasData: false }
122 verbose url raw grunt-contrib-imagemin
123 verbose url resolving [ 'https://registry.npmjs.org/', './grunt-contrib-imagemin' ]
124 verbose url resolved https://registry.npmjs.org/grunt-contrib-imagemin
125 info trying registry request attempt 1 at 20:15:27
126 http GET https://registry.npmjs.org/grunt-contrib-imagemin
127 verbose url raw grunt-contrib-sass
128 verbose url resolving [ 'https://registry.npmjs.org/', './grunt-contrib-sass' ]
129 verbose url resolved https://registry.npmjs.org/grunt-contrib-sass
130 info trying registry request attempt 1 at 20:15:27
131 http GET https://registry.npmjs.org/grunt-contrib-sass
132 verbose url raw grunt-contrib-uglify
133 verbose url resolving [ 'https://registry.npmjs.org/', './grunt-contrib-uglify' ]
134 verbose url resolved https://registry.npmjs.org/grunt-contrib-uglify
135 info trying registry request attempt 1 at 20:15:27
136 http GET https://registry.npmjs.org/grunt-contrib-uglify
137 verbose url raw grunt-contrib-watch
138 verbose url resolving [ 'https://registry.npmjs.org/', './grunt-contrib-watch' ]
139 verbose url resolved https://registry.npmjs.org/grunt-contrib-watch
140 info trying registry request attempt 1 at 20:15:27
141 http GET https://registry.npmjs.org/grunt-contrib-watch
142 silly addNameRange { name: 'imagemin-mozjpeg',
142 silly addNameRange   range: '>=5.1.0-0 <6.0.0-0',
142 silly addNameRange   hasData: false }
143 silly addNameRange { name: 'load-grunt-tasks',
143 silly addNameRange   range: '>=3.5.0-0 <4.0.0-0',
143 silly addNameRange   hasData: false }
144 silly addNameRange { name: 'grunt', range: '>=0.4.5-0 <0.5.0-0', hasData: false }
145 silly addNameRange { name: 'grunt-browser-sync',
145 silly addNameRange   range: '>=2.2.0-0 <3.0.0-0',
145 silly addNameRange   hasData: false }
146 silly lockFile f2d32751-grunt-contrib-clean-1-0-0 grunt-contrib-clean@^1.0.0
147 verbose lock grunt-contrib-clean@^1.0.0 /home/aluno/.npm/f2d32751-grunt-contrib-clean-1-0-0.lock
148 verbose url raw imagemin-mozjpeg
149 verbose url resolving [ 'https://registry.npmjs.org/', './imagemin-mozjpeg' ]
150 verbose url resolved https://registry.npmjs.org/imagemin-mozjpeg
151 info trying registry request attempt 1 at 20:15:27
152 http GET https://registry.npmjs.org/imagemin-mozjpeg
153 verbose url raw load-grunt-tasks
154 verbose url resolving [ 'https://registry.npmjs.org/', './load-grunt-tasks' ]
155 verbose url resolved https://registry.npmjs.org/load-grunt-tasks
156 info trying registry request attempt 1 at 20:15:27
157 http GET https://registry.npmjs.org/load-grunt-tasks
158 verbose url raw grunt
159 verbose url resolving [ 'https://registry.npmjs.org/', './grunt' ]
160 verbose url resolved https://registry.npmjs.org/grunt
161 info trying registry request attempt 1 at 20:15:27
162 http GET https://registry.npmjs.org/grunt
163 verbose url raw grunt-browser-sync
164 verbose url resolving [ 'https://registry.npmjs.org/', './grunt-browser-sync' ]
165 verbose url resolved https://registry.npmjs.org/grunt-browser-sync
166 info trying registry request attempt 1 at 20:15:27
167 http GET https://registry.npmjs.org/grunt-browser-sync
168 silly addNameRange { name: 'grunt-contrib-clean',
168 silly addNameRange   range: '>=1.0.0-0 <2.0.0-0',
168 silly addNameRange   hasData: false }
169 verbose url raw grunt-contrib-clean
170 verbose url resolving [ 'https://registry.npmjs.org/', './grunt-contrib-clean' ]
171 verbose url resolved https://registry.npmjs.org/grunt-contrib-clean
172 info trying registry request attempt 1 at 20:15:27
173 http GET https://registry.npmjs.org/grunt-contrib-clean
174 info retry will retry, error on last attempt: Error: CERT_UNTRUSTED
175 info retry will retry, error on last attempt: Error: CERT_UNTRUSTED
176 info retry will retry, error on last attempt: Error: CERT_UNTRUSTED
177 info retry will retry, error on last attempt: Error: CERT_UNTRUSTED
178 info retry will retry, error on last attempt: Error: CERT_UNTRUSTED
179 info retry will retry, error on last attempt: Error: CERT_UNTRUSTED
180 info retry will retry, error on last attempt: Error: CERT_UNTRUSTED
181 info retry will retry, error on last attempt: Error: CERT_UNTRUSTED
182 info retry will retry, error on last attempt: Error: CERT_UNTRUSTED
183 info retry will retry, error on last attempt: Error: CERT_UNTRUSTED
184 info retry will retry, error on last attempt: Error: CERT_UNTRUSTED
185 info trying registry request attempt 2 at 20:15:37
186 http GET https://registry.npmjs.org/grunt-contrib-concat
187 info trying registry request attempt 2 at 20:15:37
188 http GET https://registry.npmjs.org/grunt-contrib-uglify
189 info trying registry request attempt 2 at 20:15:37
190 http GET https://registry.npmjs.org/grunt-contrib-sass
191 info trying registry request attempt 2 at 20:15:37
192 http GET https://registry.npmjs.org/grunt-contrib-imagemin
193 info trying registry request attempt 2 at 20:15:37
194 http GET https://registry.npmjs.org/grunt-contrib-watch
195 info trying registry request attempt 2 at 20:15:37
196 http GET https://registry.npmjs.org/grunt
197 info trying registry request attempt 2 at 20:15:37
198 http GET https://registry.npmjs.org/load-grunt-tasks
199 info retry will retry, error on last attempt: Error: CERT_UNTRUSTED
200 info retry will retry, error on last attempt: Error: CERT_UNTRUSTED
201 info retry will retry, error on last attempt: Error: CERT_UNTRUSTED
202 info trying registry request attempt 2 at 20:15:37
203 http GET https://registry.npmjs.org/grunt-browser-sync
204 info trying registry request attempt 2 at 20:15:37
205 http GET https://registry.npmjs.org/grunt-contrib-clean
206 info retry will retry, error on last attempt: Error: CERT_UNTRUSTED
207 info retry will retry, error on last attempt: Error: CERT_UNTRUSTED
208 info retry will retry, error on last attempt: Error: CERT_UNTRUSTED
209 info retry will retry, error on last attempt: Error: CERT_UNTRUSTED
210 info retry will retry, error on last attempt: Error: CERT_UNTRUSTED
211 info trying registry request attempt 2 at 20:15:38
212 http GET https://registry.npmjs.org/grunt-contrib-copy
213 info trying registry request attempt 2 at 20:15:38
214 http GET https://registry.npmjs.org/imagemin-mozjpeg
215 info retry will retry, error on last attempt: Error: CERT_UNTRUSTED
216 info retry will retry, error on last attempt: Error: CERT_UNTRUSTED
217 info retry will retry, error on last attempt: Error: CERT_UNTRUSTED
218 info trying registry request attempt 3 at 20:16:37
219 http GET https://registry.npmjs.org/grunt-contrib-sass
220 info trying registry request attempt 3 at 20:16:37
221 http GET https://registry.npmjs.org/grunt-contrib-concat
222 info trying registry request attempt 3 at 20:16:37
223 http GET https://registry.npmjs.org/grunt-contrib-imagemin
224 info trying registry request attempt 3 at 20:16:37
225 http GET https://registry.npmjs.org/grunt-contrib-watch
226 info trying registry request attempt 3 at 20:16:37
227 http GET https://registry.npmjs.org/load-grunt-tasks
228 info trying registry request attempt 3 at 20:16:37
229 http GET https://registry.npmjs.org/grunt
230 info trying registry request attempt 3 at 20:16:37
231 http GET https://registry.npmjs.org/grunt-browser-sync
232 silly lockFile 224b1ece-grunt-contrib-watch-0-6-1 grunt-contrib-watch@^0.6.1
233 silly lockFile 224b1ece-grunt-contrib-watch-0-6-1 grunt-contrib-watch@^0.6.1
234 silly lockFile de105161-grunt-contrib-imagemin-1-0-0 grunt-contrib-imagemin@^1.0.0
235 silly lockFile de105161-grunt-contrib-imagemin-1-0-0 grunt-contrib-imagemin@^1.0.0
236 silly lockFile f332e6fb-grunt-contrib-concat-0-5-1 grunt-contrib-concat@^0.5.1
237 silly lockFile f332e6fb-grunt-contrib-concat-0-5-1 grunt-contrib-concat@^0.5.1
238 silly lockFile ebbc840d-grunt-contrib-sass-1-0-0 grunt-contrib-sass@^1.0.0
239 silly lockFile ebbc840d-grunt-contrib-sass-1-0-0 grunt-contrib-sass@^1.0.0
240 info trying registry request attempt 3 at 20:16:38
241 http GET https://registry.npmjs.org/grunt-contrib-clean
242 error Error: CERT_UNTRUSTED
242 error     at SecurePair.<anonymous> (tls.js:1370:32)
242 error     at SecurePair.EventEmitter.emit (events.js:92:17)
242 error     at SecurePair.maybeInitFinished (tls.js:982:10)
242 error     at CleartextStream.read [as _read] (tls.js:469:13)
242 error     at CleartextStream.Readable.read (_stream_readable.js:320:10)
242 error     at EncryptedStream.write [as _write] (tls.js:366:25)
242 error     at doWrite (_stream_writable.js:223:10)
242 error     at writeOrBuffer (_stream_writable.js:213:5)
242 error     at EncryptedStream.Writable.write (_stream_writable.js:180:11)
242 error     at write (_stream_readable.js:583:24)
242 error     at flow (_stream_readable.js:592:7)
242 error     at Socket.pipeOnReadable (_stream_readable.js:624:5)
243 error If you need help, you may report this log at:
243 error     <http://github.com/isaacs/npm/issues>
243 error or email it to:
243 error     <npm-@googlegroups.com>
244 error System Linux 3.19.0-25-generic
245 error command "/usr/bin/nodejs" "/usr/bin/npm" "install"
246 error cwd /var/www/html/geraja
247 error node -v v0.10.25
248 error npm -v 1.3.10
249 verbose exit [ 1, true ]
